2013-05-12 19:15:39 [CLIENT] [INFO] Setting user: Player523
2013-05-12 19:15:39 [CLIENT] [INFO] LWJGL Version: 2.4.2
2013-05-12 19:15:42 [CLIENT] [INFO] Found animation info for: textures/blocks/lava_flow.txt
2013-05-12 19:15:42 [CLIENT] [INFO] Found animation info for: textures/blocks/water_flow.txt
2013-05-12 19:15:42 [CLIENT] [INFO] Found animation info for: textures/blocks/fire_0.txt
2013-05-12 19:15:42 [CLIENT] [INFO] Found animation info for: textures/blocks/fire_1.txt
2013-05-12 19:15:42 [CLIENT] [INFO] Found animation info for: textures/blocks/lava.txt
2013-05-12 19:15:42 [CLIENT] [INFO] Found animation info for: textures/blocks/portal.txt
2013-05-12 19:15:42 [CLIENT] [INFO] Found animation info for: textures/blocks/water.txt
2013-05-12 19:15:42 [CLIENT] [INFO] Found animation info for: textures/items/clock.txt
2013-05-12 19:15:42 [CLIENT] [INFO] Found animation info for: textures/items/compass.txt
2013-05-12 19:15:43 [CLIENT] [INFO] Found animation info for: textures/blocks/lava_flow.txt
2013-05-12 19:15:43 [CLIENT] [INFO] Found animation info for: textures/blocks/water_flow.txt
2013-05-12 19:15:43 [CLIENT] [INFO] Found animation info for: textures/blocks/fire_0.txt
2013-05-12 19:15:43 [CLIENT] [INFO] Found animation info for: textures/blocks/fire_1.txt
2013-05-12 19:15:43 [CLIENT] [INFO] Found animation info for: textures/blocks/lava.txt
2013-05-12 19:15:43 [CLIENT] [INFO] Found animation info for: textures/blocks/portal.txt
2013-05-12 19:15:43 [CLIENT] [INFO] Found animation info for: textures/blocks/water.txt
2013-05-12 19:15:43 [CLIENT] [INFO] Found animation info for: textures/items/clock.txt
2013-05-12 19:15:43 [CLIENT] [INFO] Found animation info for: textures/items/compass.txt
2013-05-12 19:15:51 [CLIENT] [INFO] Setting user: Player402
2013-05-12 19:15:51 [CLIENT] [INFO] LWJGL Version: 2.4.2
2013-05-12 19:15:54 [CLIENT] [INFO] Found animation info for: textures/blocks/lava_flow.txt
2013-05-12 19:15:54 [CLIENT] [INFO] Found animation info for: textures/blocks/water_flow.txt
2013-05-12 19:15:54 [CLIENT] [INFO] Found animation info for: textures/blocks/fire_0.txt
2013-05-12 19:15:54 [CLIENT] [INFO] Found animation info for: textures/blocks/fire_1.txt
2013-05-12 19:15:54 [CLIENT] [INFO] Found animation info for: textures/blocks/lava.txt
2013-05-12 19:15:54 [CLIENT] [INFO] Found animation info for: textures/blocks/portal.txt
2013-05-12 19:15:54 [CLIENT] [INFO] Found animation info for: textures/blocks/water.txt
2013-05-12 19:15:54 [CLIENT] [INFO] Found animation info for: textures/items/clock.txt
2013-05-12 19:15:54 [CLIENT] [INFO] Found animation info for: textures/items/compass.txt
2013-05-12 19:15:55 [CLIENT] [INFO] Found animation info for: textures/blocks/lava_flow.txt
2013-05-12 19:15:55 [CLIENT] [INFO] Found animation info for: textures/blocks/water_flow.txt
2013-05-12 19:15:55 [CLIENT] [INFO] Found animation info for: textures/blocks/fire_0.txt
2013-05-12 19:15:55 [CLIENT] [INFO] Found animation info for: textures/blocks/fire_1.txt
2013-05-12 19:15:55 [CLIENT] [INFO] Found animation info for: textures/blocks/lava.txt
2013-05-12 19:15:55 [CLIENT] [INFO] Found animation info for: textures/blocks/portal.txt
2013-05-12 19:15:55 [CLIENT] [INFO] Found animation info for: textures/blocks/water.txt
2013-05-12 19:15:55 [CLIENT] [INFO] Found animation info for: textures/items/clock.txt
2013-05-12 19:15:55 [CLIENT] [INFO] Found animation info for: textures/items/compass.txt
2013-05-12 19:16:15 [CLIENT] [INFO] Connecting to localhost, 25565
2013-05-12 19:16:23 [CLIENT] [INFO] Stopping!
2013-05-12 19:17:13 [CLIENT] [INFO] Setting user: Enzain
2013-05-12 19:17:13 [CLIENT] [INFO] LWJGL Version: 2.4.2
2013-05-12 19:17:16 [CLIENT] [INFO] Found animation info for: textures/blocks/lava_flow.txt
2013-05-12 19:17:16 [CLIENT] [INFO] Found animation info for: textures/blocks/water_flow.txt
2013-05-12 19:17:16 [CLIENT] [INFO] Found animation info for: textures/blocks/fire_0.txt
2013-05-12 19:17:16 [CLIENT] [INFO] Found animation info for: textures/blocks/fire_1.txt
2013-05-12 19:17:16 [CLIENT] [INFO] Found animation info for: textures/blocks/lava.txt
2013-05-12 19:17:16 [CLIENT] [INFO] Found animation info for: textures/blocks/portal.txt
2013-05-12 19:17:16 [CLIENT] [INFO] Found animation info for: textures/blocks/water.txt
2013-05-12 19:17:16 [CLIENT] [INFO] Found animation info for: textures/items/clock.txt
2013-05-12 19:17:16 [CLIENT] [INFO] Found animation info for: textures/items/compass.txt
2013-05-12 19:17:17 [CLIENT] [INFO] Found animation info for: textures/blocks/lava_flow.txt
2013-05-12 19:17:17 [CLIENT] [INFO] Found animation info for: textures/blocks/water_flow.txt
2013-05-12 19:17:17 [CLIENT] [INFO] Found animation info for: textures/blocks/fire_0.txt
2013-05-12 19:17:17 [CLIENT] [INFO] Found animation info for: textures/blocks/fire_1.txt
2013-05-12 19:17:17 [CLIENT] [INFO] Found animation info for: textures/blocks/lava.txt
2013-05-12 19:17:17 [CLIENT] [INFO] Found animation info for: textures/blocks/portal.txt
2013-05-12 19:17:17 [CLIENT] [INFO] Found animation info for: textures/blocks/water.txt
2013-05-12 19:17:17 [CLIENT] [INFO] Found animation info for: textures/items/clock.txt
2013-05-12 19:17:17 [CLIENT] [INFO] Found animation info for: textures/items/compass.txt
2013-05-12 19:17:20 [CLIENT] [INFO] Connecting to localhost, 25565
2013-05-12 19:19:07 [CLIENT] [INFO] Setting user: Enzain
2013-05-12 19:19:07 [CLIENT] [INFO] LWJGL Version: 2.4.2
2013-05-12 19:19:10 [CLIENT] [INFO] Found animation info for: textures/blocks/lava_flow.txt
2013-05-12 19:19:10 [CLIENT] [INFO] Found animation info for: textures/blocks/water_flow.txt
2013-05-12 19:19:10 [CLIENT] [INFO] Found animation info for: textures/blocks/fire_0.txt
2013-05-12 19:19:10 [CLIENT] [INFO] Found animation info for: textures/blocks/fire_1.txt
2013-05-12 19:19:10 [CLIENT] [INFO] Found animation info for: textures/blocks/lava.txt
2013-05-12 19:19:10 [CLIENT] [INFO] Found animation info for: textures/blocks/portal.txt
2013-05-12 19:19:10 [CLIENT] [INFO] Found animation info for: textures/blocks/water.txt
2013-05-12 19:19:10 [CLIENT] [INFO] Found animation info for: textures/items/clock.txt
2013-05-12 19:19:10 [CLIENT] [INFO] Found animation info for: textures/items/compass.txt
2013-05-12 19:19:10 [CLIENT] [INFO] Found animation info for: textures/blocks/lava_flow.txt
2013-05-12 19:19:10 [CLIENT] [INFO] Found animation info for: textures/blocks/water_flow.txt
2013-05-12 19:19:10 [CLIENT] [INFO] Found animation info for: textures/blocks/fire_0.txt
2013-05-12 19:19:10 [CLIENT] [INFO] Found animation info for: textures/blocks/fire_1.txt
2013-05-12 19:19:10 [CLIENT] [INFO] Found animation info for: textures/blocks/lava.txt
2013-05-12 19:19:10 [CLIENT] [INFO] Found animation info for: textures/blocks/portal.txt
2013-05-12 19:19:10 [CLIENT] [INFO] Found animation info for: textures/blocks/water.txt
2013-05-12 19:19:11 [CLIENT] [INFO] Found animation info for: textures/items/clock.txt
2013-05-12 19:19:11 [CLIENT] [INFO] Found animation info for: textures/items/compass.txt
2013-05-12 19:19:13 [CLIENT] [INFO] Connecting to localhost, 25565
2013-05-12 19:19:39 [CLIENT] [INFO] [CHAT] Enzain drowned
2013-05-12 19:20:26 [CLIENT] [INFO] Stopping!
2013-05-12 19:20:39 [CLIENT] [INFO] Setting user: Enzain
2013-05-12 19:20:39 [CLIENT] [INFO] LWJGL Version: 2.4.2
2013-05-12 19:20:42 [CLIENT] [INFO] Found animation info for: textures/blocks/lava_flow.txt
2013-05-12 19:20:42 [CLIENT] [INFO] Found animation info for: textures/blocks/water_flow.txt
2013-05-12 19:20:42 [CLIENT] [INFO] Found animation info for: textures/blocks/fire_0.txt
2013-05-12 19:20:42 [CLIENT] [INFO] Found animation info for: textures/blocks/fire_1.txt
2013-05-12 19:20:42 [CLIENT] [INFO] Found animation info for: textures/blocks/lava.txt
2013-05-12 19:20:42 [CLIENT] [INFO] Found animation info for: textures/blocks/portal.txt
2013-05-12 19:20:42 [CLIENT] [INFO] Found animation info for: textures/blocks/water.txt
2013-05-12 19:20:43 [CLIENT] [INFO] Found animation info for: textures/items/clock.txt
2013-05-12 19:20:43 [CLIENT] [INFO] Found animation info for: textures/items/compass.txt
2013-05-12 19:20:43 [CLIENT] [INFO] Found animation info for: textures/blocks/lava_flow.txt
2013-05-12 19:20:43 [CLIENT] [INFO] Found animation info for: textures/blocks/water_flow.txt
2013-05-12 19:20:43 [CLIENT] [INFO] Found animation info for: textures/blocks/fire_0.txt
2013-05-12 19:20:43 [CLIENT] [INFO] Found animation info for: textures/blocks/fire_1.txt
2013-05-12 19:20:43 [CLIENT] [INFO] Found animation info for: textures/blocks/lava.txt
2013-05-12 19:20:43 [CLIENT] [INFO] Found animation info for: textures/blocks/portal.txt
2013-05-12 19:20:43 [CLIENT] [INFO] Found animation info for: textures/blocks/water.txt
2013-05-12 19:20:43 [CLIENT] [INFO] Found animation info for: textures/items/clock.txt
2013-05-12 19:20:43 [CLIENT] [INFO] Found animation info for: textures/items/compass.txt
2013-05-12 19:20:48 [CLIENT] [INFO] Connecting to localhost, 25565
2013-05-12 19:21:53 [CLIENT] [INFO] Setting user: Enzain
2013-05-12 19:21:53 [CLIENT] [INFO] LWJGL Version: 2.4.2
2013-05-12 19:21:56 [CLIENT] [INFO] Found animation info for: textures/blocks/lava_flow.txt
2013-05-12 19:21:56 [CLIENT] [INFO] Found animation info for: textures/blocks/water_flow.txt
2013-05-12 19:21:56 [CLIENT] [INFO] Found animation info for: textures/blocks/fire_0.txt
2013-05-12 19:21:56 [CLIENT] [INFO] Found animation info for: textures/blocks/fire_1.txt
2013-05-12 19:21:56 [CLIENT] [INFO] Found animation info for: textures/blocks/lava.txt
2013-05-12 19:21:56 [CLIENT] [INFO] Found animation info for: textures/blocks/portal.txt
2013-05-12 19:21:56 [CLIENT] [INFO] Found animation info for: textures/blocks/water.txt
2013-05-12 19:21:56 [CLIENT] [INFO] Found animation info for: textures/items/clock.txt
2013-05-12 19:21:56 [CLIENT] [INFO] Found animation info for: textures/items/compass.txt
2013-05-12 19:21:57 [CLIENT] [INFO] Found animation info for: textures/blocks/lava_flow.txt
2013-05-12 19:21:57 [CLIENT] [INFO] Found animation info for: textures/blocks/water_flow.txt
2013-05-12 19:21:57 [CLIENT] [INFO] Found animation info for: textures/blocks/fire_0.txt
2013-05-12 19:21:57 [CLIENT] [INFO] Found animation info for: textures/blocks/fire_1.txt
2013-05-12 19:21:57 [CLIENT] [INFO] Found animation info for: textures/blocks/lava.txt
2013-05-12 19:21:57 [CLIENT] [INFO] Found animation info for: textures/blocks/portal.txt
2013-05-12 19:21:57 [CLIENT] [INFO] Found animation info for: textures/blocks/water.txt
2013-05-12 19:21:57 [CLIENT] [INFO] Found animation info for: textures/items/clock.txt
2013-05-12 19:21:57 [CLIENT] [INFO] Found animation info for: textures/items/compass.txt
2013-05-12 19:22:00 [CLIENT] [INFO] Connecting to localhost, 25565
2013-05-12 19:24:37 [CLIENT] [INFO] Setting user: Enzain
2013-05-12 19:24:37 [CLIENT] [INFO] LWJGL Version: 2.4.2
2013-05-12 19:24:39 [CLIENT] [INFO] Found animation info for: textures/blocks/lava_flow.txt
2013-05-12 19:24:39 [CLIENT] [INFO] Found animation info for: textures/blocks/water_flow.txt
2013-05-12 19:24:39 [CLIENT] [INFO] Found animation info for: textures/blocks/fire_0.txt
2013-05-12 19:24:39 [CLIENT] [INFO] Found animation info for: textures/blocks/fire_1.txt
2013-05-12 19:24:39 [CLIENT] [INFO] Found animation info for: textures/blocks/lava.txt
2013-05-12 19:24:39 [CLIENT] [INFO] Found animation info for: textures/blocks/portal.txt
2013-05-12 19:24:39 [CLIENT] [INFO] Found animation info for: textures/blocks/water.txt
2013-05-12 19:24:40 [CLIENT] [INFO] Found animation info for: textures/items/clock.txt
2013-05-12 19:24:40 [CLIENT] [INFO] Found animation info for: textures/items/compass.txt
2013-05-12 19:24:40 [CLIENT] [INFO] Found animation info for: textures/blocks/lava_flow.txt
2013-05-12 19:24:40 [CLIENT] [INFO] Found animation info for: textures/blocks/water_flow.txt
2013-05-12 19:24:40 [CLIENT] [INFO] Found animation info for: textures/blocks/fire_0.txt
2013-05-12 19:24:40 [CLIENT] [INFO] Found animation info for: textures/blocks/fire_1.txt
2013-05-12 19:24:40 [CLIENT] [INFO] Found animation info for: textures/blocks/lava.txt
2013-05-12 19:24:40 [CLIENT] [INFO] Found animation info for: textures/blocks/portal.txt
2013-05-12 19:24:40 [CLIENT] [INFO] Found animation info for: textures/blocks/water.txt
2013-05-12 19:24:40 [CLIENT] [INFO] Found animation info for: textures/items/clock.txt
2013-05-12 19:24:40 [CLIENT] [INFO] Found animation info for: textures/items/compass.txt
2013-05-12 19:24:44 [CLIENT] [INFO] Connecting to localhost, 25565
